<?xml version="1.0" encoding="UTF-8"?>
<!-- Generated by org.testng.reporters.JUnitXMLReporter -->
<testsuite hostname="DESKTOP-U9PHO9F" ignored="14" name="Test" tests="10" failures="1" timestamp="2022-02-27T18:36:38 CET" time="123.972" errors="0">
  <testcase name="verifyTotalPrice" time="10.448" classname="testCases.OrderPageTest"/>
  <testcase name="endToEndTest" time="21.658" classname="testCases.EndToEndTest"/>
  <testcase name="loginTest" time="4.984" classname="testCases.LoginPageTest"/>
  <testcase name="createAccountTest" time="4.961" classname="testCases.AccountCreationPageTest"/>
  <testcase name="productAvailabilityTest" time="2.717" classname="testCases.SearchResultPageTest"/>
  <testcase name="verifyLogo" time="0.202" classname="testCases.IndexPageTest"/>
  <testcase name="verifyTitle" time="0.018" classname="testCases.IndexPageTest">
    <failure type="java.lang.AssertionError" message="expected [My Store 666] but found [My Store]">
      <![CDATA[java.lang.AssertionError: expected [My Store 666] but found [My Store]
at testCases.IndexPageTest.verifyTitle(IndexPageTest.java:46)
at java.util.ArrayList.forEach(Unknown Source)
... Removed 33 stack frames]]>
    </failure>
  </testcase> <!-- verifyTitle -->
  <testcase name="addToCartTest" time="7.855" classname="testCases.AddToCartPageTest"/>
  <testcase name="orderHistoryTest" time="5.039" classname="testCases.HomePageTest"/>
  <testcase name="wishListTest" time="5.026" classname="testCases.HomePageTest"/>
  <testcase name="@AfterSuite afterSuite" time="0.0" classname="base.Base">
    <ignored/>
  </testcase> <!-- @AfterSuite afterSuite -->
  <testcase name="@AfterSuite afterSuite" time="0.0" classname="base.Base">
    <ignored/>
  </testcase> <!-- @AfterSuite afterSuite -->
  <testcase name="@AfterSuite afterSuite" time="0.0" classname="base.Base">
    <ignored/>
  </testcase> <!-- @AfterSuite afterSuite -->
  <testcase name="@AfterSuite afterSuite" time="0.0" classname="base.Base">
    <ignored/>
  </testcase> <!-- @AfterSuite afterSuite -->
  <testcase name="@AfterSuite afterSuite" time="0.0" classname="base.Base">
    <ignored/>
  </testcase> <!-- @AfterSuite afterSuite -->
  <testcase name="@AfterSuite afterSuite" time="0.0" classname="base.Base">
    <ignored/>
  </testcase> <!-- @AfterSuite afterSuite -->
  <testcase name="@AfterSuite afterSuite" time="0.0" classname="base.Base">
    <ignored/>
  </testcase> <!-- @AfterSuite afterSuite -->
  <testcase name="@BeforeSuite loadConfig" time="0.0" classname="base.Base">
    <ignored/>
  </testcase> <!-- @BeforeSuite loadConfig -->
  <testcase name="@BeforeSuite loadConfig" time="0.0" classname="base.Base">
    <ignored/>
  </testcase> <!-- @BeforeSuite loadConfig -->
  <testcase name="@BeforeSuite loadConfig" time="0.0" classname="base.Base">
    <ignored/>
  </testcase> <!-- @BeforeSuite loadConfig -->
  <testcase name="@BeforeSuite loadConfig" time="0.0" classname="base.Base">
    <ignored/>
  </testcase> <!-- @BeforeSuite loadConfig -->
  <testcase name="@BeforeSuite loadConfig" time="0.0" classname="base.Base">
    <ignored/>
  </testcase> <!-- @BeforeSuite loadConfig -->
  <testcase name="@BeforeSuite loadConfig" time="0.0" classname="base.Base">
    <ignored/>
  </testcase> <!-- @BeforeSuite loadConfig -->
  <testcase name="@BeforeSuite loadConfig" time="0.0" classname="base.Base">
    <ignored/>
  </testcase> <!-- @BeforeSuite loadConfig -->
</testsuite> <!-- Test -->
