<?xml version="1.0" encoding="UTF-8"?>
<testng-results skipped="0" failed="1" ignored="14" total="24" passed="9">
  <reporter-output>
  </reporter-output>
  <suite name="Suite" duration-ms="123972" started-at="2022-02-27T18:34:34 CET" finished-at="2022-02-27T18:36:38 CET">
    <groups>
      <group name="Sanity">
        <method signature="AccountCreationPageTest.createAccountTest()[pri:0, instance:testCases.AccountCreationPageTest@5fdba6f9]" name="createAccountTest" class="testCases.AccountCreationPageTest"/>
        <method signature="AddToCartPageTest.addToCartTest()[pri:0, instance:testCases.AddToCartPageTest@6dde5c8c]" name="addToCartTest" class="testCases.AddToCartPageTest"/>
        <method signature="LoginPageTest.loginTest(java.lang.String,java.lang.String)[pri:0, instance:testCases.LoginPageTest@b3d7190]" name="loginTest" class="testCases.LoginPageTest"/>
      </group> <!-- Sanity -->
      <group name="Regression">
        <method signature="AddToCartPageTest.addToCartTest()[pri:0, instance:testCases.AddToCartPageTest@6dde5c8c]" name="addToCartTest" class="testCases.AddToCartPageTest"/>
        <method signature="EndToEndTest.endToEndTest()[pri:0, instance:testCases.EndToEndTest@17211155]" name="endToEndTest" class="testCases.EndToEndTest"/>
        <method signature="OrderPageTest.verifyTotalPrice(java.lang.String,java.lang.String,java.lang.String)[pri:0, instance:testCases.OrderPageTest@5579bb86]" name="verifyTotalPrice" class="testCases.OrderPageTest"/>
      </group> <!-- Regression -->
      <group name="Smoke">
        <method signature="HomePageTest.orderHistoryTest()[pri:0, instance:testCases.HomePageTest@5123a213]" name="orderHistoryTest" class="testCases.HomePageTest"/>
        <method signature="HomePageTest.wishListTest()[pri:0, instance:testCases.HomePageTest@5123a213]" name="wishListTest" class="testCases.HomePageTest"/>
        <method signature="IndexPageTest.verifyLogo()[pri:0, instance:testCases.IndexPageTest@fe18270]" name="verifyLogo" class="testCases.IndexPageTest"/>
        <method signature="IndexPageTest.verifyTitle()[pri:0, instance:testCases.IndexPageTest@fe18270]" name="verifyTitle" class="testCases.IndexPageTest"/>
        <method signature="LoginPageTest.loginTest(java.lang.String,java.lang.String)[pri:0, instance:testCases.LoginPageTest@b3d7190]" name="loginTest" class="testCases.LoginPageTest"/>
        <method signature="SearchResultPageTest.productAvailabilityTest()[pri:0, instance:testCases.SearchResultPageTest@10d59286]" name="productAvailabilityTest" class="testCases.SearchResultPageTest"/>
      </group> <!-- Smoke -->
    </groups>
    <test name="Test" duration-ms="123972" started-at="2022-02-27T18:34:34 CET" finished-at="2022-02-27T18:36:38 CET">
      <class name="testCases.AddToCartPageTest">
        <test-method status="PASS" signature="setup(java.lang.String)[pri:0, instance:testCases.AddToCartPageTest@6dde5c8c]" name="setup" is-config="true" duration-ms="4859" started-at="2022-02-27T18:36:02 CET" finished-at="2022-02-27T18:36:07 CET">
          <params>
            <param index="0">
              <value>
                <![CDATA[Chrome]]>
              </value>
            </param>
          </params>
          <reporter-output>
          </reporter-output>
        </test-method> <!-- setup -->
        <test-method status="PASS" signature="addToCartTest()[pri:0, instance:testCases.AddToCartPageTest@6dde5c8c]" name="addToCartTest" duration-ms="7855" started-at="2022-02-27T18:36:07 CET" finished-at="2022-02-27T18:36:15 CET">
          <reporter-output>
          </reporter-output>
        </test-method> <!-- addToCartTest -->
        <test-method status="PASS" signature="tearDown()[pri:0, instance:testCases.AddToCartPageTest@6dde5c8c]" name="tearDown" is-config="true" duration-ms="766" started-at="2022-02-27T18:36:15 CET" finished-at="2022-02-27T18:36:16 CET">
          <reporter-output>
          </reporter-output>
        </test-method> <!-- tearDown -->
      </class> <!-- testCases.AddToCartPageTest -->
      <class name="testCases.IndexPageTest">
        <test-method status="PASS" signature="setup(java.lang.String)[pri:0, instance:testCases.IndexPageTest@fe18270]" name="setup" is-config="true" duration-ms="4887" started-at="2022-02-27T18:35:50 CET" finished-at="2022-02-27T18:35:55 CET">
          <params>
            <param index="0">
              <value>
                <![CDATA[Chrome]]>
              </value>
            </param>
          </params>
          <reporter-output>
          </reporter-output>
        </test-method> <!-- setup -->
        <test-method status="PASS" signature="verifyLogo()[pri:0, instance:testCases.IndexPageTest@fe18270]" name="verifyLogo" duration-ms="202" started-at="2022-02-27T18:35:55 CET" finished-at="2022-02-27T18:35:55 CET">
          <reporter-output>
          </reporter-output>
        </test-method> <!-- verifyLogo -->
        <test-method status="PASS" signature="tearDown()[pri:0, instance:testCases.IndexPageTest@fe18270]" name="tearDown" is-config="true" duration-ms="724" started-at="2022-02-27T18:35:55 CET" finished-at="2022-02-27T18:35:56 CET">
          <reporter-output>
          </reporter-output>
        </test-method> <!-- tearDown -->
        <test-method status="PASS" signature="setup(java.lang.String)[pri:0, instance:testCases.IndexPageTest@fe18270]" name="setup" is-config="true" duration-ms="4845" started-at="2022-02-27T18:35:56 CET" finished-at="2022-02-27T18:36:01 CET">
          <params>
            <param index="0">
              <value>
                <![CDATA[Chrome]]>
              </value>
            </param>
          </params>
          <reporter-output>
          </reporter-output>
        </test-method> <!-- setup -->
        <test-method status="FAIL" signature="verifyTitle()[pri:0, instance:testCases.IndexPageTest@fe18270]" name="verifyTitle" duration-ms="18" started-at="2022-02-27T18:36:01 CET" finished-at="2022-02-27T18:36:01 CET">
          <exception class="java.lang.AssertionError">
            <message>
              <![CDATA[expected [My Store 666] but found [My Store]]]>
            </message>
            <full-stacktrace>
              <![CDATA[java.lang.AssertionError: expected [My Store 666] but found [My Store]
at org.testng.Assert.fail(Assert.java:99)
at org.testng.Assert.failNotEquals(Assert.java:1037)
at org.testng.Assert.assertEqualsImpl(Assert.java:140)
at org.testng.Assert.assertEquals(Assert.java:122)
at org.testng.Assert.assertEquals(Assert.java:629)
at org.testng.Assert.assertEquals(Assert.java:639)
at testCases.IndexPageTest.verifyTitle(IndexPageTest.java:46)
at sun.reflect.NativeMethodAccessorImpl.invoke0(Native Method)
at sun.reflect.NativeMethodAccessorImpl.invoke(Unknown Source)
at sun.reflect.DelegatingMethodAccessorImpl.invoke(Unknown Source)
at java.lang.reflect.Method.invoke(Unknown Source)
at org.testng.internal.MethodInvocationHelper.invokeMethod(MethodInvocationHelper.java:133)
at org.testng.internal.TestInvoker.invokeMethod(TestInvoker.java:598)
at org.testng.internal.TestInvoker.invokeTestMethod(TestInvoker.java:173)
at org.testng.internal.MethodRunner.runInSequence(MethodRunner.java:46)
at org.testng.internal.TestInvoker$MethodInvocationAgent.invoke(TestInvoker.java:824)
at org.testng.internal.TestInvoker.invokeTestMethods(TestInvoker.java:146)
at org.testng.internal.TestMethodWorker.invokeTestMethods(TestMethodWorker.java:146)
at org.testng.internal.TestMethodWorker.run(TestMethodWorker.java:128)
at java.util.ArrayList.forEach(Unknown Source)
at org.testng.TestRunner.privateRun(TestRunner.java:794)
at org.testng.TestRunner.run(TestRunner.java:596)
at org.testng.SuiteRunner.runTest(SuiteRunner.java:377)
at org.testng.SuiteRunner.runSequentially(SuiteRunner.java:371)
at org.testng.SuiteRunner.privateRun(SuiteRunner.java:332)
at org.testng.SuiteRunner.run(SuiteRunner.java:276)
at org.testng.SuiteRunnerWorker.runSuite(SuiteRunnerWorker.java:53)
at org.testng.SuiteRunnerWorker.run(SuiteRunnerWorker.java:96)
at org.testng.TestNG.runSuitesSequentially(TestNG.java:1212)
at org.testng.TestNG.runSuitesLocally(TestNG.java:1134)
at org.testng.TestNG.runSuites(TestNG.java:1063)
at org.testng.TestNG.run(TestNG.java:1031)
at org.testng.remote.AbstractRemoteTestNG.run(AbstractRemoteTestNG.java:115)
at org.testng.remote.RemoteTestNG.initAndRun(RemoteTestNG.java:251)
at org.testng.remote.RemoteTestNG.main(RemoteTestNG.java:77)
]]>
            </full-stacktrace>
          </exception> <!-- java.lang.AssertionError -->
          <reporter-output>
          </reporter-output>
        </test-method> <!-- verifyTitle -->
        <test-method status="PASS" signature="tearDown()[pri:0, instance:testCases.IndexPageTest@fe18270]" name="tearDown" is-config="true" duration-ms="715" started-at="2022-02-27T18:36:02 CET" finished-at="2022-02-27T18:36:02 CET">
          <reporter-output>
          </reporter-output>
        </test-method> <!-- tearDown -->
      </class> <!-- testCases.IndexPageTest -->
      <class name="testCases.SearchResultPageTest">
        <test-method status="PASS" signature="setup(java.lang.String)[pri:0, instance:testCases.SearchResultPageTest@10d59286]" name="setup" is-config="true" duration-ms="4719" started-at="2022-02-27T18:35:42 CET" finished-at="2022-02-27T18:35:47 CET">
          <params>
            <param index="0">
              <value>
                <![CDATA[Chrome]]>
              </value>
            </param>
          </params>
          <reporter-output>
          </reporter-output>
        </test-method> <!-- setup -->
        <test-method status="PASS" signature="productAvailabilityTest()[pri:0, instance:testCases.SearchResultPageTest@10d59286]" name="productAvailabilityTest" duration-ms="2717" started-at="2022-02-27T18:35:47 CET" finished-at="2022-02-27T18:35:49 CET">
          <reporter-output>
          </reporter-output>
        </test-method> <!-- productAvailabilityTest -->
        <test-method status="PASS" signature="tearDown()[pri:0, instance:testCases.SearchResultPageTest@10d59286]" name="tearDown" is-config="true" duration-ms="725" started-at="2022-02-27T18:35:49 CET" finished-at="2022-02-27T18:35:50 CET">
          <reporter-output>
          </reporter-output>
        </test-method> <!-- tearDown -->
      </class> <!-- testCases.SearchResultPageTest -->
      <class name="testCases.LoginPageTest">
        <test-method status="PASS" signature="setup(java.lang.String)[pri:0, instance:testCases.LoginPageTest@b3d7190]" name="setup" is-config="true" duration-ms="4820" started-at="2022-02-27T18:35:21 CET" finished-at="2022-02-27T18:35:25 CET">
          <params>
            <param index="0">
              <value>
                <![CDATA[Chrome]]>
              </value>
            </param>
          </params>
          <reporter-output>
          </reporter-output>
        </test-method> <!-- setup -->
        <test-method status="PASS" signature="loginTest(java.lang.String,java.lang.String)[pri:0, instance:testCases.LoginPageTest@b3d7190]" name="loginTest" duration-ms="4984" started-at="2022-02-27T18:35:25 CET" data-provider="credentials" finished-at="2022-02-27T18:35:30 CET">
          <params>
            <param index="0">
              <value>
                <![CDATA[admin@xyz.com]]>
              </value>
            </param>
            <param index="1">
              <value>
                <![CDATA[admin@123]]>
              </value>
            </param>
          </params>
          <reporter-output>
          </reporter-output>
        </test-method> <!-- loginTest -->
        <test-method status="PASS" signature="tearDown()[pri:0, instance:testCases.LoginPageTest@b3d7190]" name="tearDown" is-config="true" duration-ms="731" started-at="2022-02-27T18:35:30 CET" finished-at="2022-02-27T18:35:31 CET">
          <reporter-output>
          </reporter-output>
        </test-method> <!-- tearDown -->
      </class> <!-- testCases.LoginPageTest -->
      <class name="testCases.EndToEndTest">
        <test-method status="PASS" signature="setup(java.lang.String)[pri:0, instance:testCases.EndToEndTest@17211155]" name="setup" is-config="true" duration-ms="5080" started-at="2022-02-27T18:34:53 CET" finished-at="2022-02-27T18:34:58 CET">
          <params>
            <param index="0">
              <value>
                <![CDATA[Chrome]]>
              </value>
            </param>
          </params>
          <reporter-output>
          </reporter-output>
        </test-method> <!-- setup -->
        <test-method status="PASS" signature="endToEndTest()[pri:0, instance:testCases.EndToEndTest@17211155]" name="endToEndTest" duration-ms="21658" started-at="2022-02-27T18:34:58 CET" finished-at="2022-02-27T18:35:20 CET">
          <reporter-output>
          </reporter-output>
        </test-method> <!-- endToEndTest -->
        <test-method status="PASS" signature="tearDown()[pri:0, instance:testCases.EndToEndTest@17211155]" name="tearDown" is-config="true" duration-ms="729" started-at="2022-02-27T18:35:20 CET" finished-at="2022-02-27T18:35:20 CET">
          <reporter-output>
          </reporter-output>
        </test-method> <!-- tearDown -->
      </class> <!-- testCases.EndToEndTest -->
      <class name="testCases.OrderPageTest">
        <test-method status="PASS" signature="loadConfig()[pri:0, instance:testCases.OrderPageTest@5579bb86]" name="loadConfig" is-config="true" duration-ms="473" started-at="2022-02-27T18:34:33 CET" finished-at="2022-02-27T18:34:34 CET">
          <reporter-output>
          </reporter-output>
        </test-method> <!-- loadConfig -->
        <test-method status="PASS" signature="setup(java.lang.String)[pri:0, instance:testCases.OrderPageTest@5579bb86]" name="setup" is-config="true" duration-ms="7125" started-at="2022-02-27T18:34:35 CET" finished-at="2022-02-27T18:34:42 CET">
          <params>
            <param index="0">
              <value>
                <![CDATA[Chrome]]>
              </value>
            </param>
          </params>
          <reporter-output>
          </reporter-output>
        </test-method> <!-- setup -->
        <test-method status="PASS" signature="verifyTotalPrice(java.lang.String,java.lang.String,java.lang.String)[pri:0, instance:testCases.OrderPageTest@5579bb86]" name="verifyTotalPrice" duration-ms="10448" started-at="2022-02-27T18:34:42 CET" data-provider="getProduct" finished-at="2022-02-27T18:34:52 CET">
          <params>
            <param index="0">
              <value>
                <![CDATA[t-shirt]]>
              </value>
            </param>
            <param index="1">
              <value>
                <![CDATA[2.0]]>
              </value>
            </param>
            <param index="2">
              <value>
                <![CDATA[M]]>
              </value>
            </param>
          </params>
          <reporter-output>
          </reporter-output>
        </test-method> <!-- verifyTotalPrice -->
        <test-method status="PASS" signature="tearDown()[pri:0, instance:testCases.OrderPageTest@5579bb86]" name="tearDown" is-config="true" duration-ms="732" started-at="2022-02-27T18:34:52 CET" finished-at="2022-02-27T18:34:53 CET">
          <reporter-output>
          </reporter-output>
        </test-method> <!-- tearDown -->
        <test-method status="PASS" signature="afterSuite()[pri:0, instance:testCases.OrderPageTest@5579bb86]" name="afterSuite" is-config="true" duration-ms="431" started-at="2022-02-27T18:36:38 CET" finished-at="2022-02-27T18:36:38 CET">
          <reporter-output>
          </reporter-output>
        </test-method> <!-- afterSuite -->
      </class> <!-- testCases.OrderPageTest -->
      <class name="testCases.AccountCreationPageTest">
        <test-method status="PASS" signature="setup(java.lang.String)[pri:0, instance:testCases.AccountCreationPageTest@5fdba6f9]" name="setup" is-config="true" duration-ms="5198" started-at="2022-02-27T18:35:31 CET" finished-at="2022-02-27T18:35:36 CET">
          <params>
            <param index="0">
              <value>
                <![CDATA[Chrome]]>
              </value>
            </param>
          </params>
          <reporter-output>
          </reporter-output>
        </test-method> <!-- setup -->
        <test-method status="PASS" signature="createAccountTest()[pri:0, instance:testCases.AccountCreationPageTest@5fdba6f9]" name="createAccountTest" duration-ms="4961" started-at="2022-02-27T18:35:36 CET" finished-at="2022-02-27T18:35:41 CET">
          <reporter-output>
          </reporter-output>
        </test-method> <!-- createAccountTest -->
        <test-method status="PASS" signature="tearDown()[pri:0, instance:testCases.AccountCreationPageTest@5fdba6f9]" name="tearDown" is-config="true" duration-ms="688" started-at="2022-02-27T18:35:41 CET" finished-at="2022-02-27T18:35:42 CET">
          <reporter-output>
          </reporter-output>
        </test-method> <!-- tearDown -->
      </class> <!-- testCases.AccountCreationPageTest -->
      <class name="testCases.HomePageTest">
        <test-method status="PASS" signature="setup(java.lang.String)[pri:0, instance:testCases.HomePageTest@5123a213]" name="setup" is-config="true" duration-ms="5306" started-at="2022-02-27T18:36:16 CET" finished-at="2022-02-27T18:36:21 CET">
          <params>
            <param index="0">
              <value>
                <![CDATA[Chrome]]>
              </value>
            </param>
          </params>
          <reporter-output>
          </reporter-output>
        </test-method> <!-- setup -->
        <test-method status="PASS" signature="orderHistoryTest()[pri:0, instance:testCases.HomePageTest@5123a213]" name="orderHistoryTest" duration-ms="5039" started-at="2022-02-27T18:36:21 CET" finished-at="2022-02-27T18:36:26 CET">
          <reporter-output>
          </reporter-output>
        </test-method> <!-- orderHistoryTest -->
        <test-method status="PASS" signature="tearDown()[pri:0, instance:testCases.HomePageTest@5123a213]" name="tearDown" is-config="true" duration-ms="727" started-at="2022-02-27T18:36:26 CET" finished-at="2022-02-27T18:36:27 CET">
          <reporter-output>
          </reporter-output>
        </test-method> <!-- tearDown -->
        <test-method status="PASS" signature="setup(java.lang.String)[pri:0, instance:testCases.HomePageTest@5123a213]" name="setup" is-config="true" duration-ms="4881" started-at="2022-02-27T18:36:27 CET" finished-at="2022-02-27T18:36:32 CET">
          <params>
            <param index="0">
              <value>
                <![CDATA[Chrome]]>
              </value>
            </param>
          </params>
          <reporter-output>
          </reporter-output>
        </test-method> <!-- setup -->
        <test-method status="PASS" signature="wishListTest()[pri:0, instance:testCases.HomePageTest@5123a213]" name="wishListTest" duration-ms="5026" started-at="2022-02-27T18:36:32 CET" finished-at="2022-02-27T18:36:37 CET">
          <reporter-output>
          </reporter-output>
        </test-method> <!-- wishListTest -->
        <test-method status="PASS" signature="tearDown()[pri:0, instance:testCases.HomePageTest@5123a213]" name="tearDown" is-config="true" duration-ms="695" started-at="2022-02-27T18:36:37 CET" finished-at="2022-02-27T18:36:38 CET">
          <reporter-output>
          </reporter-output>
        </test-method> <!-- tearDown -->
      </class> <!-- testCases.HomePageTest -->
    </test> <!-- Test -->
  </suite> <!-- Suite -->
</testng-results>
